<?xml version="1.0" encoding="UTF-8"?>
<!-- Generated by org.testng.reporters.JUnitXMLReporter -->
<testsuite ignored="0" hostname="hp-PC" failures="1" tests="4" name="Test" time="0.116" errors="0" timestamp="2021-05-11T18:31:47 IST">
  <testcase classname="com.TestNg.Parameter1" name="apple" time="0.014"/>
  <testcase classname="com.TestNg.Parameter1" name="banana" time="0.003"/>
  <testcase classname="com.TestNg.Parameter1" name="carrot" time="0.003"/>
  <testcase classname="com.TestNg.Parameter1" name="guava" time="0.0">
    <failure type="org.testng.TestNGException" message="
Parameter &amp;apos;guava&amp;apos; is required by @Test on method guava but has not been marked @Optional or defined
in C:\Users\hp\eclipse-workspace\SeleniumPractice\testng.xml">
      <![CDATA[org.testng.TestNGException: 
Parameter 'guava' is required by @Test on method guava but has not been marked @Optional or defined
in C:\Users\hp\eclipse-workspace\SeleniumPractice\testng.xml
at java.base/java.util.ArrayList.forEach(ArrayList.java:1511)
... Removed 26 stack frames]]>
    </failure>
  </testcase> <!-- guava -->
</testsuite> <!-- Test -->
